[www.avax.network/index.html]
[backblue.gif]
[fade.gif]
[index.html]
[assets.website-files.com/6059b554e81c705f9dd2dd32/css/avax-20210101.057aa2101.min.css]
[ajax.googleapis.com/ajax/libs/webfont/1.6.26/webfont.js]
[assets.website-files.com/6059b554e81c705f9dd2dd32/60ec67501576936ca3f767ab_AVAX_Token_Red_32.png]
[assets.website-files.com/6059b554e81c705f9dd2dd32/60ec6734b3013629d0a73ae1_AVAX_Token_Red_256.png]
[www.avax.network/subnets.html]
[www.avax.network/developers.html]
[www.avax.network/validators.html]
[www.avax.network/individuals.html]
[www.avax.network/solutions.html]
[www.avax.network/community.html]
[assets.website-files.com/6059b554e81c705f9dd2dd32/60ec6a944b52e3e96e16af68_Avalanche_Square_Red_Circle.png]
[assets.website-files.com/6059b554e81c705f9dd2dd32/61e04e25cf303386615e0326_20220101_FND002_0.png]
[assets.website-files.com/6059b554e81c705f9dd2dd32/61e059c71015be393f654df1_verne-ho-0LAJfSNa-xQ-unsplash.jpg]
[assets.website-files.com/6059b554e81c705f9dd2dd32/61e061a29159e7550de707de_sean-pollock-PhYq704ffdA-unsplash.jpg]
[assets.website-files.com/6059b554e81c705f9dd2dd32/6092e71a2fbdf21655b7f843_TheGraph_CircleLogo.png]
[assets.website-files.com/6059b554e81c705f9dd2dd32/6065903fe4db329bbe80f8ed_Terminal.png]
[assets.website-files.com/6059b554e81c705f9dd2dd32/610a9981a324f9842462aad5_6092f5d69ec5d95b4a7a8767_Lamasticards.png]
[d3e54v103j8qbb.cloudfront.net/js/jquery-3.5.1.min.dc5e7f18c87551.js]
[assets.website-files.com/6059b554e81c705f9dd2dd32/js/avax-20210101.5a34e4191.js]
[connect.facebook.net/en_US/fbevents.js]
[snap.licdn.com/li.lms-analytics/insight.min.js]
[www.avax.network/index.html]
[assets.website-files.com/6059b554e81c705f9dd2dd32/css/avax-20210101.057aa2101.min.css]
[www.googletagmanager.com/gtm5445.html]
[assets.website-files.com/6059b554e81c705f9dd2dd32/627aec8fe1dd6cb862598ab3_Crabada logo@2x.png]
[assets.website-files.com/6059b554e81c705f9dd2dd32/627aec8fe1dd6cbf1c598ab0_DFK Logo side by side 1@2x.png]
[assets.website-files.com/6059b554e81c705f9dd2dd32/627aec8fe1dd6c5220598ad0_s05.jpg]
[assets.website-files.com/6059b554e81c705f9dd2dd32/627aec8fe1dd6c673f598adc_s01_b.jpg]
[assets.website-files.com/6059b554e81c705f9dd2dd32/627aec8fe1dd6c5eb4598ad3_s02.jpg]
[assets.website-files.com/6059b554e81c705f9dd2dd32/627aec8fe1dd6c0e71598ad6_s03.jpg]
[assets.website-files.com/6059b554e81c705f9dd2dd32/628697cf51d9f66871b8b1a3_stani-kulechov.jpg]
[assets.website-files.com/6059b554e81c705f9dd2dd32/628699042ccb13525d849110_saurabh-sharma.jpg]
[assets.website-files.com/6059b554e81c705f9dd2dd32/628699110cd95b7446bd9343_wes-cowan.jpg]
[assets.website-files.com/6059b554e81c705f9dd2dd32/6286991e3ec5c21340a54f25_carlos-domingo.jpg]
[assets.website-files.com/6059b554e81c705f9dd2dd32/627aec8fe1dd6c34cc598aba_logo-securitize 1@2x.png]
[assets.website-files.com/6059b554e81c705f9dd2dd32/627aec8fe1dd6cbeb3598abd_aave-logo-vector@2x.png]
[assets.website-files.com/6059b554e81c705f9dd2dd32/627aec8fe1dd6c480a598abf_Golden Tree Asset Mgmt Logo@2x.png]
[assets.website-files.com/6059b554e81c705f9dd2dd32/627aec8fe1dd6c2885598ac2_Wintermute Logo@2x.png]
[assets.website-files.com/6059b554e81c705f9dd2dd32/627aec8fe1dd6c30c3598ab7_JumpCrypto_logo_RGB@2x.png]
[www.avax.network/subnets.html]
[assets.website-files.com/6059b554e81c705f9dd2dd32/608a756560f19c57e8d76e38_GitHub.png]
[assets.website-files.com/6059b554e81c705f9dd2dd32/6090c371bfd76db40f416690_Sergey Nazarov.jpg]
[assets.website-files.com/6059b554e81c705f9dd2dd32/6090c39a03a470f752070d03_jeff-garzik.jpg]
[assets.website-files.com/6059b554e81c705f9dd2dd32/6090c3a989a40f3b53562581_Dmitry T.jpg]
[assets.website-files.com/6059b554e81c705f9dd2dd32/6090c87fc76cc75d37b6fd94_Ganesh Swami.jpg]
[www.avax.network/developers.html]
[www.avax.network/validators.html]
[assets.website-files.com/6059b554e81c705f9dd2dd32/6092bbe164bdeb7944372096_Binanace_Link.png]
[assets.website-files.com/6059b554e81c705f9dd2dd32/6091aec8c2c1f1bcc948b6c9_FTX_Link.png]
[assets.website-files.com/6059b554e81c705f9dd2dd32/6091c1d882bcc2c074b368a9_Pangolin_Link.png]
[assets.website-files.com/6059b554e81c705f9dd2dd32/6092bc3d898f3541b520d66a_OKEX_Link.png]
[assets.website-files.com/6059b554e81c705f9dd2dd32/6092bc4685329d96153230eb_Huobi.png]
[assets.website-files.com/6059b554e81c705f9dd2dd32/6092bc555db627de2b1d7dfb_Paribu.png]
[assets.website-files.com/6059b554e81c705f9dd2dd32/6092bc5e1b45fe66d4edb77a_Gate.io_Link.png]
[assets.website-files.com/6059b554e81c705f9dd2dd32/6091ae9c851d872aa94eea29_Bitfinex_Link.png]
[assets.website-files.com/6059b554e81c705f9dd2dd32/6091c0eb5f2ef6a871cc4aed_Crypto.com_Link.png]
[assets.website-files.com/6059b554e81c705f9dd2dd32/60c2704b4f1cda5154aa11f4_7F10B24E035DDE3D.png]
[assets.website-files.com/6059b554e81c705f9dd2dd32/6203e8b80c4ffd44b6b60f6f_upbit copy.png]
[assets.website-files.com/6059b554e81c705f9dd2dd32/6092bcb05244ad2f555bbd9f_Ledger_Link.png]
[assets.website-files.com/6059b554e81c705f9dd2dd32/6092bca769eec83fa901c7ff_AvalancheWallet_Link.png]
[assets.website-files.com/6059b554e81c705f9dd2dd32/6091b38f920893e8ca8e3512_Frontier_Link.png]
[assets.website-files.com/6059b554e81c705f9dd2dd32/607470baa500f9f2cc5a14ff_Explorer.png]
[www.avax.network/individuals.html]
[www.avax.network/solutions.html]
[www.avax.network/community.html]
[connect.facebook.net/en_US/fbevents.js]
[px.ads.linkedin.com/insight_tag_errorsd41d.gif]
[snap.licdn.com/li.lms-analytics/insight.min.js]
[static.ads-twitter.com/uwt.js]
[www.avax.network/build]
[www.avax.network/press.html]
[www.avax.network/ecosystem]
[www.avax.network/roadmap]
[www.avax.network/privacy-policy]
[www.avax.network/c.html]
[www.avax.network/b]
[www.avax.network/POST]
